# JRE version: Java(TM) SE Runtime Environment (8.0_152-b16) (build 1.8.0_152-b16)
# Java VM: Java HotSpot(TM) 64-Bit Server VM (25.152-b16 mixed mode windows-amd64 compressed oops)
Heap:
 PSYoungGen      total 120832K, used 73747K [0x00000000d5b80000, 0x00000000de180000, 0x0000000100000000)
  eden space 105984K, 65% used [0x00000000d5b80000,0x00000000d9eecfc0,0x00000000dc300000)
  from space 14848K, 31% used [0x00000000dd200000,0x00000000dd698000,0x00000000de080000)
  to   space 15360K, 0% used [0x00000000dc300000,0x00000000dc300000,0x00000000dd200000)
 ParOldGen       total 87552K, used 61855K [0x0000000081200000, 0x0000000086780000, 0x00000000d5b80000)
  object space 87552K, 70% used [0x0000000081200000,0x0000000084e67f90,0x0000000086780000)
 Metaspace       used 15779K, capacity 15934K, committed 16128K, reserved 1062912K
  class space    used 1947K, capacity 2004K, committed 2048K, reserved 1048576K
GC Heap History (10 events):
Event: 8.968 GC heap before
{Heap before GC invocations=10 (full 0):
 PSYoungGen      total 71680K, used 71648K [0x00000000d5b80000, 0x00000000de080000, 0x0000000100000000)
  eden space 66560K, 100% used [0x00000000d5b80000,0x00000000d9c80000,0x00000000d9c80000)
  from space 5120K, 99% used [0x00000000d9c80000,0x00000000da178010,0x00000000da180000)
  to   space 14848K, 0% used [0x00000000dd200000,0x00000000dd200000,0x00000000de080000)
 ParOldGen       total 87552K, used 44511K [0x0000000081200000, 0x0000000086780000, 0x00000000d5b80000)
  object space 87552K, 50% used [0x0000000081200000,0x0000000083d77ee0,0x0000000086780000)
 Metaspace       used 15196K, capacity 15390K, committed 15616K, reserved 1062912K
  class space    used 1906K, capacity 1972K, committed 2048K, reserved 1048576K
Event: 8.981 GC heap after
Heap after GC invocations=10 (full 0):
 PSYoungGen      total 120832K, used 4192K [0x00000000d5b80000, 0x00000000de180000, 0x0000000100000000)
  eden space 105984K, 0% used [0x00000000d5b80000,0x00000000d5b80000,0x00000000dc300000)
  from space 14848K, 28% used [0x00000000dd200000,0x00000000dd618000,0x00000000de080000)
  to   space 15360K, 0% used [0x00000000dc300000,0x00000000dc300000,0x00000000dd200000)
 ParOldGen       total 87552K, used 48015K [0x0000000081200000, 0x0000000086780000, 0x00000000d5b80000)
  object space 87552K, 54% used [0x0000000081200000,0x00000000840e3ef0,0x0000000086780000)
 Metaspace       used 15196K, capacity 15390K, committed 15616K, reserved 1062912K
  class space    used 1906K, capacity 1972K, committed 2048K, reserved 1048576K
}
Event: 9.137 GC heap before
{Heap before GC invocations=11 (full 0):
 PSYoungGen      total 120832K, used 110176K [0x00000000d5b80000, 0x00000000de180000, 0x0000000100000000)
  eden space 105984K, 100% used [0x00000000d5b80000,0x00000000dc300000,0x00000000dc300000)
  from space 14848K, 28% used [0x00000000dd200000,0x00000000dd618000,0x00000000de080000)
  to   space 15360K, 0% used [0x00000000dc300000,0x00000000dc300000,0x00000000dd200000)
 ParOldGen       total 87552K, used 48015K [0x0000000081200000, 0x0000000086780000, 0x00000000d5b80000)
  object space 87552K, 54% used [0x0000000081200000,0x00000000840e3ef0,0x0000000086780000)
 Metaspace       used 15196K, capacity 15390K, committed 15616K, reserved 1062912K
  class space    used 1906K, capacity 1972K, committed 2048K, reserved 1048576K
Event: 9.152 GC heap after
Heap after GC invocations=11 (full 0):
 PSYoungGen      total 121344K, used 4096K [0x00000000d5b80000, 0x00000000de180000, 0x0000000100000000)
  eden space 105984K, 0% used [0x00000000d5b80000,0x00000000d5b80000,0x00000000dc300000)
  from space 15360K, 26% used [0x00000000dc300000,0x00000000dc700000,0x00000000dd200000)
  to   space 14848K, 0% used [0x00000000dd200000,0x00000000dd200000,0x00000000de080000)
 ParOldGen       total 87552K, used 52183K [0x0000000081200000, 0x0000000086780000, 0x00000000d5b80000)
  object space 87552K, 59% used [0x0000000081200000,0x00000000844f5ef0,0x0000000086780000)
 Metaspace       used 15196K, capacity 15390K, committed 15616K, reserved 1062912K
  class space    used 1906K, capacity 1972K, committed 2048K, reserved 1048576K
}
Event: 9.261 GC heap before
{Heap before GC invocations=12 (full 0):
 PSYoungGen      total 121344K, used 110080K [0x00000000d5b80000, 0x00000000de180000, 0x0000000100000000)
  eden space 105984K, 100% used [0x00000000d5b80000,0x00000000dc300000,0x00000000dc300000)
  from space 15360K, 26% used [0x00000000dc300000,0x00000000dc700000,0x00000000dd200000)
  to   space 14848K, 0% used [0x00000000dd200000,0x00000000dd200000,0x00000000de080000)
 ParOldGen       total 87552K, used 52183K [0x0000000081200000, 0x0000000086780000, 0x00000000d5b80000)
  object space 87552K, 59% used [0x0000000081200000,0x00000000844f5ef0,0x0000000086780000)
 Metaspace       used 15196K, capacity 15390K, committed 15616K, reserved 1062912K
  class space    used 1906K, capacity 1972K, committed 2048K, reserved 1048576K
Event: 9.274 GC heap after
Heap after GC invocations=12 (full 0):
 PSYoungGen      total 120832K, used 4128K [0x00000000d5b80000, 0x00000000de180000, 0x0000000100000000)
  eden space 105984K, 0% used [0x00000000d5b80000,0x00000000d5b80000,0x00000000dc300000)
  from space 14848K, 27% used [0x00000000dd200000,0x00000000dd608010,0x00000000de080000)
  to   space 15360K, 0% used [0x00000000dc300000,0x00000000dc300000,0x00000000dd200000)
 ParOldGen       total 87552K, used 56247K [0x0000000081200000, 0x0000000086780000, 0x00000000d5b80000)
  object space 87552K, 64% used [0x0000000081200000,0x00000000848edef0,0x0000000086780000)
 Metaspace       used 15196K, capacity 15390K, committed 15616K, reserved 1062912K
  class space    used 1906K, capacity 1972K, committed 2048K, reserved 1048576K
}
Event: 9.860 GC heap before
{Heap before GC invocations=13 (full 0):
 PSYoungGen      total 120832K, used 110112K [0x00000000d5b80000, 0x00000000de180000, 0x0000000100000000)
  eden space 105984K, 100% used [0x00000000d5b80000,0x00000000dc300000,0x00000000dc300000)
  from space 14848K, 27% used [0x00000000dd200000,0x00000000dd608010,0x00000000de080000)
  to   space 15360K, 0% used [0x00000000dc300000,0x00000000dc300000,0x00000000dd200000)
 ParOldGen       total 87552K, used 56247K [0x0000000081200000, 0x0000000086780000, 0x00000000d5b80000)
  object space 87552K, 64% used [0x0000000081200000,0x00000000848edef0,0x0000000086780000)
 Metaspace       used 15484K, capacity 15678K, committed 15872K, reserved 1062912K
  class space    used 1940K, capacity 2004K, committed 2048K, reserved 1048576K
Event: 9.874 GC heap after
Heap after GC invocations=13 (full 0):
 PSYoungGen      total 121344K, used 1712K [0x00000000d5b80000, 0x00000000de180000, 0x0000000100000000)
  eden space 105984K, 0% used [0x00000000d5b80000,0x00000000d5b80000,0x00000000dc300000)
  from space 15360K, 11% used [0x00000000dc300000,0x00000000dc4ac010,0x00000000dd200000)
  to   space 14848K, 0% used [0x00000000dd200000,0x00000000dd200000,0x00000000de080000)
 ParOldGen       total 87552K, used 60335K [0x0000000081200000, 0x0000000086780000, 0x00000000d5b80000)
  object space 87552K, 68% used [0x0000000081200000,0x0000000084cebf00,0x0000000086780000)
 Metaspace       used 15484K, capacity 15678K, committed 15872K, reserved 1062912K
  class space    used 1940K, capacity 2004K, committed 2048K, reserved 1048576K
}
Event: 10.046 GC heap before
{Heap before GC invocations=14 (full 0):
 PSYoungGen      total 121344K, used 107696K [0x00000000d5b80000, 0x00000000de180000, 0x0000000100000000)
  eden space 105984K, 100% used [0x00000000d5b80000,0x00000000dc300000,0x00000000dc300000)
  from space 15360K, 11% used [0x00000000dc300000,0x00000000dc4ac010,0x00000000dd200000)
  to   space 14848K, 0% used [0x00000000dd200000,0x00000000dd200000,0x00000000de080000)
 ParOldGen       total 87552K, used 60335K [0x0000000081200000, 0x0000000086780000, 0x00000000d5b80000)
  object space 87552K, 68% used [0x0000000081200000,0x0000000084cebf00,0x0000000086780000)
 Metaspace       used 15490K, capacity 15678K, committed 15872K, reserved 1062912K
  class space    used 1940K, capacity 2004K, committed 2048K, reserved 1048576K
Event: 10.059 GC heap after
Heap after GC invocations=14 (full 0):
 PSYoungGen      total 120832K, used 4704K [0x00000000d5b80000, 0x00000000de180000, 0x0000000100000000)
  eden space 105984K, 0% used [0x00000000d5b80000,0x00000000d5b80000,0x00000000dc300000)
  from space 14848K, 31% used [0x00000000dd200000,0x00000000dd698000,0x00000000de080000)
  to   space 15360K, 0% used [0x00000000dc300000,0x00000000dc300000,0x00000000dd200000)
 ParOldGen       total 87552K, used 61855K [0x0000000081200000, 0x0000000086780000, 0x00000000d5b80000)
  object space 87552K, 70% used [0x0000000081200000,0x0000000084e67f90,0x0000000086780000)
 Metaspace       used 15490K, capacity 15678K, committed 15872K, reserved 1062912K
  class space    used 1940K, capacity 2004K, committed 2048K, reserved 1048576K
}

