# JRE version: Java(TM) SE Runtime Environment (8.0_152-b16) (build 1.8.0_152-b16)
# Java VM: Java HotSpot(TM) 64-Bit Server VM (25.152-b16 mixed mode windows-amd64 compressed oops)
Heap:
 PSYoungGen      total 71680K, used 26605K [0x00000000d5b80000, 0x00000000de080000, 0x0000000100000000)
  eden space 66560K, 35% used [0x00000000d5b80000,0x00000000d726b658,0x00000000d9c80000)
  from space 5120K, 61% used [0x00000000d9c80000,0x00000000d9f90000,0x00000000da180000)
  to   space 14848K, 0% used [0x00000000dd200000,0x00000000dd200000,0x00000000de080000)
 ParOldGen       total 87552K, used 32826K [0x0000000081200000, 0x0000000086780000, 0x00000000d5b80000)
  object space 87552K, 37% used [0x0000000081200000,0x000000008320ebb8,0x0000000086780000)
 Metaspace       used 16681K, capacity 16894K, committed 17280K, reserved 1064960K
  class space    used 1990K, capacity 2068K, committed 2176K, reserved 1048576K
GC Heap History (10 events):
Event: 10.004 GC heap before
{Heap before GC invocations=9 (full 0):
 PSYoungGen      total 71680K, used 71680K [0x00000000d5b80000, 0x00000000da680000, 0x0000000100000000)
  eden space 66560K, 100% used [0x00000000d5b80000,0x00000000d9c80000,0x00000000d9c80000)
  from space 5120K, 100% used [0x00000000da180000,0x00000000da680000,0x00000000da680000)
  to   space 5120K, 0% used [0x00000000d9c80000,0x00000000d9c80000,0x00000000da180000)
 ParOldGen       total 87552K, used 26078K [0x0000000081200000, 0x0000000086780000, 0x00000000d5b80000)
  object space 87552K, 29% used [0x0000000081200000,0x0000000082b77a08,0x0000000086780000)
 Metaspace       used 16569K, capacity 16830K, committed 17280K, reserved 1064960K
  class space    used 1990K, capacity 2068K, committed 2176K, reserved 1048576K
Event: 10.029 GC heap after
Heap after GC invocations=9 (full 0):
 PSYoungGen      total 71680K, used 5120K [0x00000000d5b80000, 0x00000000da680000, 0x0000000100000000)
  eden space 66560K, 0% used [0x00000000d5b80000,0x00000000d5b80000,0x00000000d9c80000)
  from space 5120K, 100% used [0x00000000d9c80000,0x00000000da180000,0x00000000da180000)
  to   space 5120K, 0% used [0x00000000da180000,0x00000000da180000,0x00000000da680000)
 ParOldGen       total 87552K, used 27822K [0x0000000081200000, 0x0000000086780000, 0x00000000d5b80000)
  object space 87552K, 31% used [0x0000000081200000,0x0000000082d2ba50,0x0000000086780000)
 Metaspace       used 16569K, capacity 16830K, committed 17280K, reserved 1064960K
  class space    used 1990K, capacity 2068K, committed 2176K, reserved 1048576K
}
Event: 10.952 GC heap before
{Heap before GC invocations=10 (full 0):
 PSYoungGen      total 71680K, used 71680K [0x00000000d5b80000, 0x00000000da680000, 0x0000000100000000)
  eden space 66560K, 100% used [0x00000000d5b80000,0x00000000d9c80000,0x00000000d9c80000)
  from space 5120K, 100% used [0x00000000d9c80000,0x00000000da180000,0x00000000da180000)
  to   space 5120K, 0% used [0x00000000da180000,0x00000000da180000,0x00000000da680000)
 ParOldGen       total 87552K, used 27822K [0x0000000081200000, 0x0000000086780000, 0x00000000d5b80000)
  object space 87552K, 31% used [0x0000000081200000,0x0000000082d2ba50,0x0000000086780000)
 Metaspace       used 16615K, capacity 16830K, committed 17280K, reserved 1064960K
  class space    used 1990K, capacity 2068K, committed 2176K, reserved 1048576K
Event: 10.961 GC heap after
Heap after GC invocations=10 (full 0):
 PSYoungGen      total 71680K, used 3744K [0x00000000d5b80000, 0x00000000da680000, 0x0000000100000000)
  eden space 66560K, 0% used [0x00000000d5b80000,0x00000000d5b80000,0x00000000d9c80000)
  from space 5120K, 73% used [0x00000000da180000,0x00000000da528000,0x00000000da680000)
  to   space 5120K, 0% used [0x00000000d9c80000,0x00000000d9c80000,0x00000000da180000)
 ParOldGen       total 87552K, used 30166K [0x0000000081200000, 0x0000000086780000, 0x00000000d5b80000)
  object space 87552K, 34% used [0x0000000081200000,0x0000000082f75a50,0x0000000086780000)
 Metaspace       used 16615K, capacity 16830K, committed 17280K, reserved 1064960K
  class space    used 1990K, capacity 2068K, committed 2176K, reserved 1048576K
}
Event: 11.781 GC heap before
{Heap before GC invocations=11 (full 0):
 PSYoungGen      total 71680K, used 70304K [0x00000000d5b80000, 0x00000000da680000, 0x0000000100000000)
  eden space 66560K, 100% used [0x00000000d5b80000,0x00000000d9c80000,0x00000000d9c80000)
  from space 5120K, 73% used [0x00000000da180000,0x00000000da528000,0x00000000da680000)
  to   space 5120K, 0% used [0x00000000d9c80000,0x00000000d9c80000,0x00000000da180000)
 ParOldGen       total 87552K, used 30166K [0x0000000081200000, 0x0000000086780000, 0x00000000d5b80000)
  object space 87552K, 34% used [0x0000000081200000,0x0000000082f75a50,0x0000000086780000)
 Metaspace       used 16633K, capacity 16830K, committed 17280K, reserved 1064960K
  class space    used 1990K, capacity 2068K, committed 2176K, reserved 1048576K
Event: 11.787 GC heap after
Heap after GC invocations=11 (full 0):
 PSYoungGen      total 71680K, used 3392K [0x00000000d5b80000, 0x00000000da680000, 0x0000000100000000)
  eden space 66560K, 0% used [0x00000000d5b80000,0x00000000d5b80000,0x00000000d9c80000)
  from space 5120K, 66% used [0x00000000d9c80000,0x00000000d9fd0000,0x00000000da180000)
  to   space 5120K, 0% used [0x00000000da180000,0x00000000da180000,0x00000000da680000)
 ParOldGen       total 87552K, used 30686K [0x0000000081200000, 0x0000000086780000, 0x00000000d5b80000)
  object space 87552K, 35% used [0x0000000081200000,0x0000000082ff7a50,0x0000000086780000)
 Metaspace       used 16633K, capacity 16830K, committed 17280K, reserved 1064960K
  class space    used 1990K, capacity 2068K, committed 2176K, reserved 1048576K
}
Event: 12.243 GC heap before
{Heap before GC invocations=12 (full 0):
 PSYoungGen      total 71680K, used 69915K [0x00000000d5b80000, 0x00000000da680000, 0x0000000100000000)
  eden space 66560K, 99% used [0x00000000d5b80000,0x00000000d9c76d68,0x00000000d9c80000)
  from space 5120K, 66% used [0x00000000d9c80000,0x00000000d9fd0000,0x00000000da180000)
  to   space 5120K, 0% used [0x00000000da180000,0x00000000da180000,0x00000000da680000)
 ParOldGen       total 87552K, used 30686K [0x0000000081200000, 0x0000000086780000, 0x00000000d5b80000)
  object space 87552K, 35% used [0x0000000081200000,0x0000000082ff7a50,0x0000000086780000)
 Metaspace       used 16638K, capacity 16894K, committed 17280K, reserved 1064960K
  class space    used 1990K, capacity 2068K, committed 2176K, reserved 1048576K
Event: 12.255 GC heap after
Heap after GC invocations=12 (full 0):
 PSYoungGen      total 71680K, used 1087K [0x00000000d5b80000, 0x00000000da680000, 0x0000000100000000)
  eden space 66560K, 0% used [0x00000000d5b80000,0x00000000d5b80000,0x00000000d9c80000)
  from space 5120K, 21% used [0x00000000da180000,0x00000000da28ff10,0x00000000da680000)
  to   space 5120K, 0% used [0x00000000d9c80000,0x00000000d9c80000,0x00000000da180000)
 ParOldGen       total 87552K, used 31806K [0x0000000081200000, 0x0000000086780000, 0x00000000d5b80000)
  object space 87552K, 36% used [0x0000000081200000,0x000000008310fa50,0x0000000086780000)
 Metaspace       used 16638K, capacity 16894K, committed 17280K, reserved 1064960K
  class space    used 1990K, capacity 2068K, committed 2176K, reserved 1048576K
}
Event: 12.848 GC heap before
{Heap before GC invocations=13 (full 0):
 PSYoungGen      total 71680K, used 67647K [0x00000000d5b80000, 0x00000000da680000, 0x0000000100000000)
  eden space 66560K, 100% used [0x00000000d5b80000,0x00000000d9c80000,0x00000000d9c80000)
  from space 5120K, 21% used [0x00000000da180000,0x00000000da28ff10,0x00000000da680000)
  to   space 5120K, 0% used [0x00000000d9c80000,0x00000000d9c80000,0x00000000da180000)
 ParOldGen       total 87552K, used 31806K [0x0000000081200000, 0x0000000086780000, 0x00000000d5b80000)
  object space 87552K, 36% used [0x0000000081200000,0x000000008310fa50,0x0000000086780000)
 Metaspace       used 16657K, capacity 16894K, committed 17280K, reserved 1064960K
  class space    used 1990K, capacity 2068K, committed 2176K, reserved 1048576K
Event: 12.853 GC heap after
Heap after GC invocations=13 (full 0):
 PSYoungGen      total 71680K, used 3136K [0x00000000d5b80000, 0x00000000de080000, 0x0000000100000000)
  eden space 66560K, 0% used [0x00000000d5b80000,0x00000000d5b80000,0x00000000d9c80000)
  from space 5120K, 61% used [0x00000000d9c80000,0x00000000d9f90000,0x00000000da180000)
  to   space 14848K, 0% used [0x00000000dd200000,0x00000000dd200000,0x00000000de080000)
 ParOldGen       total 87552K, used 32826K [0x0000000081200000, 0x0000000086780000, 0x00000000d5b80000)
  object space 87552K, 37% used [0x0000000081200000,0x000000008320ebb8,0x0000000086780000)
 Metaspace       used 16657K, capacity 16894K, committed 17280K, reserved 1064960K
  class space    used 1990K, capacity 2068K, committed 2176K, reserved 1048576K
}

