# JRE version: Java(TM) SE Runtime Environment (8.0_152-b16) (build 1.8.0_152-b16)
# Java VM: Java HotSpot(TM) 64-Bit Server VM (25.152-b16 mixed mode windows-amd64 compressed oops)
Heap:
 PSYoungGen      total 255488K, used 199247K [0x00000000d5b80000, 0x00000000ea400000, 0x0000000100000000)
  eden space 224256K, 75% used [0x00000000d5b80000,0x00000000dffebc10,0x00000000e3680000)
  from space 31232K, 98% used [0x00000000e8580000,0x00000000ea3a8000,0x00000000ea400000)
  to   space 45056K, 0% used [0x00000000e4c00000,0x00000000e4c00000,0x00000000e7800000)
 ParOldGen       total 155136K, used 85917K [0x0000000081200000, 0x000000008a980000, 0x00000000d5b80000)
  object space 155136K, 55% used [0x0000000081200000,0x00000000865e76a0,0x000000008a980000)
 Metaspace       used 16005K, capacity 16260K, committed 16512K, reserved 1062912K
  class space    used 2002K, capacity 2069K, committed 2176K, reserved 1048576K
GC Heap History (10 events):
Event: 4.544 GC heap before
{Heap before GC invocations=5 (full 0):
 PSYoungGen      total 71680K, used 71668K [0x00000000d5b80000, 0x00000000da680000, 0x0000000100000000)
  eden space 66560K, 100% used [0x00000000d5b80000,0x00000000d9c80000,0x00000000d9c80000)
  from space 5120K, 99% used [0x00000000da180000,0x00000000da67d240,0x00000000da680000)
  to   space 5120K, 0% used [0x00000000d9c80000,0x00000000d9c80000,0x00000000da180000)
 ParOldGen       total 87552K, used 28776K [0x0000000081200000, 0x0000000086780000, 0x00000000d5b80000)
  object space 87552K, 32% used [0x0000000081200000,0x0000000082e1a3e8,0x0000000086780000)
 Metaspace       used 15287K, capacity 15486K, committed 15872K, reserved 1062912K
  class space    used 1919K, capacity 2004K, committed 2048K, reserved 1048576K
Event: 4.575 GC heap after
Heap after GC invocations=5 (full 0):
 PSYoungGen      total 71680K, used 5108K [0x00000000d5b80000, 0x00000000e0c80000, 0x0000000100000000)
  eden space 66560K, 0% used [0x00000000d5b80000,0x00000000d5b80000,0x00000000d9c80000)
  from space 5120K, 99% used [0x00000000d9c80000,0x00000000da17d230,0x00000000da180000)
  to   space 24064K, 0% used [0x00000000df500000,0x00000000df500000,0x00000000e0c80000)
 ParOldGen       total 87552K, used 44328K [0x0000000081200000, 0x0000000086780000, 0x00000000d5b80000)
  object space 87552K, 50% used [0x0000000081200000,0x0000000083d4a3f8,0x0000000086780000)
 Metaspace       used 15287K, capacity 15486K, committed 15872K, reserved 1062912K
  class space    used 1919K, capacity 2004K, committed 2048K, reserved 1048576K
}
Event: 4.638 GC heap before
{Heap before GC invocations=6 (full 0):
 PSYoungGen      total 71680K, used 71668K [0x00000000d5b80000, 0x00000000e0c80000, 0x0000000100000000)
  eden space 66560K, 100% used [0x00000000d5b80000,0x00000000d9c80000,0x00000000d9c80000)
  from space 5120K, 99% used [0x00000000d9c80000,0x00000000da17d230,0x00000000da180000)
  to   space 24064K, 0% used [0x00000000df500000,0x00000000df500000,0x00000000e0c80000)
 ParOldGen       total 87552K, used 44328K [0x0000000081200000, 0x0000000086780000, 0x00000000d5b80000)
  object space 87552K, 50% used [0x0000000081200000,0x0000000083d4a3f8,0x0000000086780000)
 Metaspace       used 15288K, capacity 15486K, committed 15872K, reserved 1062912K
  class space    used 1919K, capacity 2004K, committed 2048K, reserved 1048576K
Event: 4.681 GC heap after
Heap after GC invocations=6 (full 0):
 PSYoungGen      total 155136K, used 20548K [0x00000000d5b80000, 0x00000000e1080000, 0x0000000100000000)
  eden space 131072K, 0% used [0x00000000d5b80000,0x00000000d5b80000,0x00000000ddb80000)
  from space 24064K, 85% used [0x00000000df500000,0x00000000e0911220,0x00000000e0c80000)
  to   space 26112K, 0% used [0x00000000ddb80000,0x00000000ddb80000,0x00000000df500000)
 ParOldGen       total 87552K, used 44328K [0x0000000081200000, 0x0000000086780000, 0x00000000d5b80000)
  object space 87552K, 50% used [0x0000000081200000,0x0000000083d4a3f8,0x0000000086780000)
 Metaspace       used 15288K, capacity 15486K, committed 15872K, reserved 1062912K
  class space    used 1919K, capacity 2004K, committed 2048K, reserved 1048576K
}
Event: 4.848 GC heap before
{Heap before GC invocations=7 (full 0):
 PSYoungGen      total 155136K, used 151620K [0x00000000d5b80000, 0x00000000e1080000, 0x0000000100000000)
  eden space 131072K, 100% used [0x00000000d5b80000,0x00000000ddb80000,0x00000000ddb80000)
  from space 24064K, 85% used [0x00000000df500000,0x00000000e0911220,0x00000000e0c80000)
  to   space 26112K, 0% used [0x00000000ddb80000,0x00000000ddb80000,0x00000000df500000)
 ParOldGen       total 87552K, used 44328K [0x0000000081200000, 0x0000000086780000, 0x00000000d5b80000)
  object space 87552K, 50% used [0x0000000081200000,0x0000000083d4a3f8,0x0000000086780000)
 Metaspace       used 15288K, capacity 15486K, committed 15872K, reserved 1062912K
  class space    used 1919K, capacity 2004K, committed 2048K, reserved 1048576K
Event: 4.954 GC heap after
Heap after GC invocations=7 (full 0):
 PSYoungGen      total 157184K, used 26112K [0x00000000d5b80000, 0x00000000eaf80000, 0x0000000100000000)
  eden space 131072K, 0% used [0x00000000d5b80000,0x00000000d5b80000,0x00000000ddb80000)
  from space 26112K, 100% used [0x00000000ddb80000,0x00000000df500000,0x00000000df500000)
  to   space 43008K, 0% used [0x00000000e8580000,0x00000000e8580000,0x00000000eaf80000)
 ParOldGen       total 87552K, used 69640K [0x0000000081200000, 0x0000000086780000, 0x00000000d5b80000)
  object space 87552K, 79% used [0x0000000081200000,0x00000000856022a8,0x0000000086780000)
 Metaspace       used 15288K, capacity 15486K, committed 15872K, reserved 1062912K
  class space    used 1919K, capacity 2004K, committed 2048K, reserved 1048576K
}
Event: 4.954 GC heap before
{Heap before GC invocations=8 (full 1):
 PSYoungGen      total 157184K, used 26112K [0x00000000d5b80000, 0x00000000eaf80000, 0x0000000100000000)
  eden space 131072K, 0% used [0x00000000d5b80000,0x00000000d5b80000,0x00000000ddb80000)
  from space 26112K, 100% used [0x00000000ddb80000,0x00000000df500000,0x00000000df500000)
  to   space 43008K, 0% used [0x00000000e8580000,0x00000000e8580000,0x00000000eaf80000)
 ParOldGen       total 87552K, used 69640K [0x0000000081200000, 0x0000000086780000, 0x00000000d5b80000)
  object space 87552K, 79% used [0x0000000081200000,0x00000000856022a8,0x0000000086780000)
 Metaspace       used 15288K, capacity 15486K, committed 15872K, reserved 1062912K
  class space    used 1919K, capacity 2004K, committed 2048K, reserved 1048576K
Event: 5.364 GC heap after
Heap after GC invocations=8 (full 1):
 PSYoungGen      total 157184K, used 0K [0x00000000d5b80000, 0x00000000eaf80000, 0x0000000100000000)
  eden space 131072K, 0% used [0x00000000d5b80000,0x00000000d5b80000,0x00000000ddb80000)
  from space 26112K, 0% used [0x00000000ddb80000,0x00000000ddb80000,0x00000000df500000)
  to   space 43008K, 0% used [0x00000000e8580000,0x00000000e8580000,0x00000000eaf80000)
 ParOldGen       total 155136K, used 85917K [0x0000000081200000, 0x000000008a980000, 0x00000000d5b80000)
  object space 155136K, 55% used [0x0000000081200000,0x00000000865e76a0,0x000000008a980000)
 Metaspace       used 15288K, capacity 15486K, committed 15872K, reserved 1062912K
  class space    used 1919K, capacity 2004K, committed 2048K, reserved 1048576K
}
Event: 5.496 GC heap before
{Heap before GC invocations=9 (full 1):
 PSYoungGen      total 157184K, used 131072K [0x00000000d5b80000, 0x00000000eaf80000, 0x0000000100000000)
  eden space 131072K, 100% used [0x00000000d5b80000,0x00000000ddb80000,0x00000000ddb80000)
  from space 26112K, 0% used [0x00000000ddb80000,0x00000000ddb80000,0x00000000df500000)
  to   space 43008K, 0% used [0x00000000e8580000,0x00000000e8580000,0x00000000eaf80000)
 ParOldGen       total 155136K, used 85917K [0x0000000081200000, 0x000000008a980000, 0x00000000d5b80000)
  object space 155136K, 55% used [0x0000000081200000,0x00000000865e76a0,0x000000008a980000)
 Metaspace       used 15288K, capacity 15486K, committed 15872K, reserved 1062912K
  class space    used 1919K, capacity 2004K, committed 2048K, reserved 1048576K
Event: 5.576 GC heap after
Heap after GC invocations=9 (full 1):
 PSYoungGen      total 255488K, used 30880K [0x00000000d5b80000, 0x00000000ea400000, 0x0000000100000000)
  eden space 224256K, 0% used [0x00000000d5b80000,0x00000000d5b80000,0x00000000e3680000)
  from space 31232K, 98% used [0x00000000e8580000,0x00000000ea3a8000,0x00000000ea400000)
  to   space 45056K, 0% used [0x00000000e4c00000,0x00000000e4c00000,0x00000000e7800000)
 ParOldGen       total 155136K, used 85917K [0x0000000081200000, 0x000000008a980000, 0x00000000d5b80000)
  object space 155136K, 55% used [0x0000000081200000,0x00000000865e76a0,0x000000008a980000)
 Metaspace       used 15288K, capacity 15486K, committed 15872K, reserved 1062912K
  class space    used 1919K, capacity 2004K, committed 2048K, reserved 1048576K
}

